Refreshing data
Opening...
Europe
France [frozen]
 processed
Asia
India [frozen]
 processed
Asia
China [frozen]
 processed
Europe
Greece [frozen]
 processed
Africa
Ethiopie [frozen]
 processed
North America
USA [frozen]
 processed
North America
Canada [frozen]
 processed
Asia
Japon [frozen]
 processed
Africa
Cameroun [frozen]
 processed
Africa
Gabon [frozen]
 processed
Africa
Namibie [frozen]
 processed
Europe
Spain [frozen]
 processed
Africa
Guinée equatoriale [frozen]
 processed
Flushing bundle...
Generate Output
csv
generated
Csv matrix
generated
Saving new processing...
Processing time: 49s
Total processing time: 50s
